<?xml version="1.0" encoding="utf-8"?>
<testsuites>
    <testsuite name="pytest" errors="0" failures="1" skipped="0" tests="1" time="0.019" timestamp="2024-07-03T15:05:24.279183" hostname="ip-10-0-175-52">
        <testcase classname="tests.integration.providers.weather.backends.test_accuweather" name="test_get_weather_report_from_cache_without_ttl" time="0.019">
            <failure message="AssertionError">AssertionError</failure>
        </testcase>
    </testsuite>
</testsuites>
